<?xml version="1.0" encoding="UTF-8"?>
<!-- Generated by org.testng.reporters.JUnitXMLReporter -->
<testsuite ignored="8" hostname="EC2AMAZ-6E9TAIA" failures="1" tests="1" name="Default test" time="6.271" errors="0" timestamp="2021-10-28T17:42:58 UTC">
  <testcase classname="ccpa.testcases.HomepageTest" name="CCPA_TC_1_Verify_Page_Title" time="2.173">
    <failure type="org.openqa.selenium.WebDriverException" message="chrome not reachable
  (Session info: chrome=93.0.4577.63)
Build info: version: &amp;apos;3.141.59&amp;apos;, revision: &amp;apos;e82be7d358&amp;apos;, time: &amp;apos;2018-11-14T08:17:03&amp;apos;
System info: host: &amp;apos;EC2AMAZ-6E9TAIA&amp;apos;, ip: &amp;apos;172.31.5.12&amp;apos;, os.name: &amp;apos;Windows Server 2019&amp;apos;, os.arch: &amp;apos;amd64&amp;apos;, os.version: &amp;apos;10.0&amp;apos;, java.version: &amp;apos;17&amp;apos;
Driver info: org.openqa.selenium.chrome.ChromeDriver
Capabilities {acceptInsecureCerts: false, browserName: chrome, browserVersion: 93.0.4577.63, chrome: {chromedriverVersion: 93.0.4577.63 (ff5c0da2ec0ad..., userDataDir: C:\Users\RAHUL~1.CHA\AppDat...}, goog:chromeOptions: {debuggerAddress: localhost:50255}, javascriptEnabled: true, networkConnectionEnabled: false, pageLoadStrategy: normal, platform: WINDOWS, platformName: WINDOWS, proxy: Proxy(), setWindowRect: true, strictFileInteractability: false, timeouts: {implicit: 0, pageLoad: 300000, script: 30000}, unhandledPromptBehavior: dismiss and notify, webauthn:extension:credBlob: true, webauthn:extension:largeBlob: true, webauthn:virtualAuthenticators: true}
Session ID: f87a83c70699b91fed67130320f2b5e5">
      <![CDATA[org.openqa.selenium.WebDriverException: chrome not reachable
  (Session info: chrome=93.0.4577.63)
Build info: version: '3.141.59', revision: 'e82be7d358', time: '2018-11-14T08:17:03'
System info: host: 'EC2AMAZ-6E9TAIA', ip: '172.31.5.12', os.name: 'Windows Server 2019', os.arch: 'amd64', os.version: '10.0', java.version: '17'
Driver info: org.openqa.selenium.chrome.ChromeDriver
Capabilities {acceptInsecureCerts: false, browserName: chrome, browserVersion: 93.0.4577.63, chrome: {chromedriverVersion: 93.0.4577.63 (ff5c0da2ec0ad..., userDataDir: C:\Users\RAHUL~1.CHA\AppDat...}, goog:chromeOptions: {debuggerAddress: localhost:50255}, javascriptEnabled: true, networkConnectionEnabled: false, pageLoadStrategy: normal, platform: WINDOWS, platformName: WINDOWS, proxy: Proxy(), setWindowRect: true, strictFileInteractability: false, timeouts: {implicit: 0, pageLoad: 300000, script: 30000}, unhandledPromptBehavior: dismiss and notify, webauthn:extension:credBlob: true, webauthn:extension:largeBlob: true, webauthn:virtualAuthenticators: true}
Session ID: f87a83c70699b91fed67130320f2b5e5
at java.base/jdk.internal.reflect.NativeConstructorAccessorImpl.newInstance0(Native Method)
at java.base/jdk.internal.reflect.NativeConstructorAccessorImpl.newInstance(NativeConstructorAccessorImpl.java:77)
at java.base/jdk.internal.reflect.DelegatingConstructorAccessorImpl.newInstance(DelegatingConstructorAccessorImpl.java:45)
at java.base/java.lang.reflect.Constructor.newInstanceWithCaller(Constructor.java:499)
at java.base/java.lang.reflect.Constructor.newInstance(Constructor.java:480)
at org.openqa.selenium.remote.http.W3CHttpResponseCodec.createException(W3CHttpResponseCodec.java:187)
at org.openqa.selenium.remote.http.W3CHttpResponseCodec.decode(W3CHttpResponseCodec.java:122)
at org.openqa.selenium.remote.http.W3CHttpResponseCodec.decode(W3CHttpResponseCodec.java:49)
at org.openqa.selenium.remote.HttpCommandExecutor.execute(HttpCommandExecutor.java:158)
at org.openqa.selenium.remote.service.DriverCommandExecutor.execute(DriverCommandExecutor.java:83)
at org.openqa.selenium.remote.RemoteWebDriver.execute(RemoteWebDriver.java:552)
at org.openqa.selenium.remote.RemoteWebDriver.execute(RemoteWebDriver.java:609)
at org.openqa.selenium.remote.RemoteWebDriver.getTitle(RemoteWebDriver.java:281)
at ccpa.pages.Homepage.Title(Homepage.java:44)
at ccpa.testcases.HomepageTest.CCPA_TC_1_Verify_Page_Title(HomepageTest.java:57)
at java.base/jdk.internal.reflect.NativeMethodAccessorImpl.invoke0(Native Method)
at java.base/jdk.internal.reflect.NativeMethodAccessorImpl.invoke(NativeMethodAccessorImpl.java:77)
at java.base/jdk.internal.reflect.DelegatingMethodAccessorImpl.invoke(DelegatingMethodAccessorImpl.java:43)
at java.base/java.lang.reflect.Method.invoke(Method.java:568)
at org.testng.internal.MethodInvocationHelper.invokeMethod(MethodInvocationHelper.java:133)
at org.testng.internal.TestInvoker.invokeMethod(TestInvoker.java:598)
at org.testng.internal.TestInvoker.invokeTestMethod(TestInvoker.java:173)
at org.testng.internal.MethodRunner.runInSequence(MethodRunner.java:46)
at org.testng.internal.TestInvoker$MethodInvocationAgent.invoke(TestInvoker.java:824)
at org.testng.internal.TestInvoker.invokeTestMethods(TestInvoker.java:146)
at org.testng.internal.TestMethodWorker.invokeTestMethods(TestMethodWorker.java:146)
at org.testng.internal.TestMethodWorker.run(TestMethodWorker.java:128)
at java.base/java.util.ArrayList.forEach(ArrayList.java:1511)
at org.testng.TestRunner.privateRun(TestRunner.java:794)
at org.testng.TestRunner.run(TestRunner.java:596)
at org.testng.SuiteRunner.runTest(SuiteRunner.java:377)
at org.testng.SuiteRunner.runSequentially(SuiteRunner.java:371)
at org.testng.SuiteRunner.privateRun(SuiteRunner.java:332)
at org.testng.SuiteRunner.run(SuiteRunner.java:276)
at org.testng.SuiteRunnerWorker.runSuite(SuiteRunnerWorker.java:53)
at org.testng.SuiteRunnerWorker.run(SuiteRunnerWorker.java:96)
at org.testng.TestNG.runSuitesSequentially(TestNG.java:1212)
at org.testng.TestNG.runSuitesLocally(TestNG.java:1134)
at org.testng.TestNG.runSuites(TestNG.java:1063)
at org.testng.TestNG.run(TestNG.java:1031)
at org.testng.remote.AbstractRemoteTestNG.run(AbstractRemoteTestNG.java:115)
at org.testng.remote.RemoteTestNG.initAndRun(RemoteTestNG.java:251)
at org.testng.remote.RemoteTestNG.main(RemoteTestNG.java:77)
]]>
    </failure>
  </testcase> <!-- CCPA_TC_1_Verify_Page_Title -->
  <testcase classname="ccpa.testcases.HomepageTest" name="CCPA_TC_2_Verify_Display_Logo" time="0.0">
    <ignored/>
  </testcase> <!-- CCPA_TC_2_Verify_Display_Logo -->
  <testcase classname="ccpa.testcases.HomepageTest" name="CCPA_TC_9_Verify_Cookies_Saved_on_Accept_Button_Click_For_HCPSite" time="0.0">
    <ignored/>
  </testcase> <!-- CCPA_TC_9_Verify_Cookies_Saved_on_Accept_Button_Click_For_HCPSite -->
  <testcase classname="ccpa.testcases.HomepageTest" name="CCPA_TC_6_Verify_CCPA_is_triggered_for_HCPsite" time="0.0">
    <ignored/>
  </testcase> <!-- CCPA_TC_6_Verify_CCPA_is_triggered_for_HCPsite -->
  <testcase classname="ccpa.testcases.HomepageTest" name="CCPA_TC_7_Verify_CCPA_is_triggered_for_HCPsite" time="0.0">
    <ignored/>
  </testcase> <!-- CCPA_TC_7_Verify_CCPA_is_triggered_for_HCPsite -->
  <testcase classname="ccpa.testcases.HomepageTest" name="CCPA_TC_8_Verify_UI_of_CCPA_pop_up_for_HCPsite" time="0.0">
    <ignored/>
  </testcase> <!-- CCPA_TC_8_Verify_UI_of_CCPA_pop_up_for_HCPsite -->
  <testcase classname="ccpa.testcases.HomepageTest" name="CCPA_TC_5_Verify_Cookies_Saved_on_Accept_Button_Click_For_patient_domain" time="0.0">
    <ignored/>
  </testcase> <!-- CCPA_TC_5_Verify_Cookies_Saved_on_Accept_Button_Click_For_patient_domain -->
  <testcase classname="ccpa.testcases.HomepageTest" name="CCPA_TC_3_Verify_CCPA_is_triggered_for_patient_domain" time="0.0">
    <ignored/>
  </testcase> <!-- CCPA_TC_3_Verify_CCPA_is_triggered_for_patient_domain -->
  <testcase classname="ccpa.testcases.HomepageTest" name="CCPA_TC_4_UI_of_CCPA_pop_up_for_patient_domain" time="0.0">
    <ignored/>
  </testcase> <!-- CCPA_TC_4_UI_of_CCPA_pop_up_for_patient_domain -->
</testsuite> <!-- Default test -->
