<!DOCTYPE html>

<html>
  <head>
  <meta charset='utf-8'>
  <title>TestNG reports</title>

    <link type="text/css" href="testng-reports1.css" rel="stylesheet" id="ultra" />
    <link type="text/css" href="testng-reports.css" rel="stylesheet" id="retro" disabled="false"/>
    <script type="text/javascript" src="jquery.min.js"></script>
    <script type="text/javascript" src="testng-reports.js"></script>
    <script type="text/javascript" src="https://www.google.com/jsapi"></script>
    <script type='text/javascript'>
      google.load('visualization', '1', {packages:['table']});
      google.setOnLoadCallback(drawTable);
      var suiteTableInitFunctions = new Array();
      var suiteTableData = new Array();
    </script>
    <!--
      <script type="text/javascript" src="jquery-ui/js/jquery-ui-1.8.16.custom.min.js"></script>
     -->
  </head>

  <body>
    <div class="top-banner-root">
      <span class="top-banner-title-font">Test results</span>
      <button class="button" id="button">Switch Retro Theme</button> <!-- button -->
      <br/>
      <span class="top-banner-font-1">1 suite, 3 failed tests</span>
    </div> <!-- top-banner-root -->
    <div class="navigator-root">
      <div class="navigator-suite-header">
        <span>All suites</span>
        <a href="#" class="collapse-all-link" title="Collapse/expand all the suites">
          <img class="collapse-all-icon" src="collapseall.gif">
          </img> <!-- collapse-all-icon -->
        </a> <!-- collapse-all-link -->
      </div> <!-- navigator-suite-header -->
      <div class="suite">
        <div class="rounded-window">
          <div class="suite-header light-rounded-window-top">
            <a href="#" class="navigator-link" panel-name="suite-CCPA">
              <span class="suite-name border-failed">CCPA</span>
            </a> <!-- navigator-link -->
          </div> <!-- suite-header light-rounded-window-top -->
          <div class="navigator-suite-content">
            <div class="suite-section-title">
              <span>Info</span>
            </div> <!-- suite-section-title -->
            <div class="suite-section-content">
              <ul>
                <li>
                  <a href="#" class="navigator-link " panel-name="test-xml-CCPA">
                    <span>D:\Eclipseworkspace\CCPA_project\TestNG.xml</span>
                  </a> <!-- navigator-link  -->
                </li>
                <li>
                  <a href="#" class="navigator-link " panel-name="testlist-CCPA">
                    <span class="test-stats">1 test</span>
                  </a> <!-- navigator-link  -->
                </li>
                <li>
                  <a href="#" class="navigator-link " panel-name="group-CCPA">
                    <span>0 groups</span>
                  </a> <!-- navigator-link  -->
                </li>
                <li>
                  <a href="#" class="navigator-link " panel-name="times-CCPA">
                    <span>Times</span>
                  </a> <!-- navigator-link  -->
                </li>
                <li>
                  <a href="#" class="navigator-link " panel-name="reporter-CCPA">
                    <span>Reporter output</span>
                  </a> <!-- navigator-link  -->
                </li>
                <li>
                  <a href="#" class="navigator-link " panel-name="ignored-methods-CCPA">
                    <span>Ignored methods</span>
                  </a> <!-- navigator-link  -->
                </li>
                <li>
                  <a href="#" class="navigator-link " panel-name="chronological-CCPA">
                    <span>Chronological view</span>
                  </a> <!-- navigator-link  -->
                </li>
              </ul>
            </div> <!-- suite-section-content -->
            <div class="result-section">
              <div class="suite-section-title">
                <span>Results</span>
              </div> <!-- suite-section-title -->
              <div class="suite-section-content">
                <ul>
                  <li>
                    <span class="method-stats">6 methods, 3 failed,   3 passed</span>
                  </li>
                  <li>
                    <span class="method-list-title failed">Failed methods</span>
                    <span class="show-or-hide-methods failed">
                      <a href="#" panel-name="suite-CCPA" class="hide-methods failed suite-CCPA"> (hide)</a> <!-- hide-methods failed suite-CCPA -->
                      <a href="#" panel-name="suite-CCPA" class="show-methods failed suite-CCPA"> (show)</a> <!-- show-methods failed suite-CCPA -->
                    </span>
                    <div class="method-list-content failed suite-CCPA">
                      <span>
                        <img width="3%" src="failed.png"/>
                        <a href="#" class="method navigator-link" panel-name="suite-CCPA" title="ccpa.testcases.HomepageTest" hash-for-method="CCPA_TC_1_Verify_CCPA_is_triggered_for_patient_domain">CCPA_TC_1_Verify_CCPA_is_triggered_for_patient_domain</a> <!-- method navigator-link -->
                      </span>
                      <br/>
                      <span>
                        <img width="3%" src="failed.png"/>
                        <a href="#" class="method navigator-link" panel-name="suite-CCPA" title="ccpa.testcases.HomepageTest" hash-for-method="CCPA_TC_3_UI_of_CCPA_pop_up_for_patient_domain">CCPA_TC_3_UI_of_CCPA_pop_up_for_patient_domain</a> <!-- method navigator-link -->
                      </span>
                      <br/>
                      <span>
                        <img width="3%" src="failed.png"/>
                        <a href="#" class="method navigator-link" panel-name="suite-CCPA" title="ccpa.testcases.HomepageTest" hash-for-method="CCPA_TC_4_Verify_that_clicking_on_Accept_button_Cookie_should_saved_in_system">CCPA_TC_4_Verify_that_clicking_on_Accept_button_Cookie_should_saved_in_system</a> <!-- method navigator-link -->
                      </span>
                      <br/>
                    </div> <!-- method-list-content failed suite-CCPA -->
                  </li>
                  <li>
                    <span class="method-list-title passed">Passed methods</span>
                    <span class="show-or-hide-methods passed">
                      <a href="#" panel-name="suite-CCPA" class="hide-methods passed suite-CCPA"> (hide)</a> <!-- hide-methods passed suite-CCPA -->
                      <a href="#" panel-name="suite-CCPA" class="show-methods passed suite-CCPA"> (show)</a> <!-- show-methods passed suite-CCPA -->
                    </span>
                    <div class="method-list-content passed suite-CCPA">
                      <span>
                        <img width="3%" src="passed.png"/>
                        <a href="#" class="method navigator-link" panel-name="suite-CCPA" title="ccpa.testcases.HomepageTest" hash-for-method="CCPA_TC_2_Verify_CCPA_is_triggered_for_HCPsite">CCPA_TC_2_Verify_CCPA_is_triggered_for_HCPsite</a> <!-- method navigator-link -->
                      </span>
                      <br/>
                      <span>
                        <img width="3%" src="passed.png"/>
                        <a href="#" class="method navigator-link" panel-name="suite-CCPA" title="ccpa.testcases.HomepageTest" hash-for-method="verifyLogo">verifyLogo</a> <!-- method navigator-link -->
                      </span>
                      <br/>
                      <span>
                        <img width="3%" src="passed.png"/>
                        <a href="#" class="method navigator-link" panel-name="suite-CCPA" title="ccpa.testcases.HomepageTest" hash-for-method="verifyTitle">verifyTitle</a> <!-- method navigator-link -->
                      </span>
                      <br/>
                    </div> <!-- method-list-content passed suite-CCPA -->
                  </li>
                </ul>
              </div> <!-- suite-section-content -->
            </div> <!-- result-section -->
          </div> <!-- navigator-suite-content -->
        </div> <!-- rounded-window -->
      </div> <!-- suite -->
    </div> <!-- navigator-root -->
    <div class="wrapper">
      <div class="main-panel-root">
        <div panel-name="suite-CCPA" class="panel CCPA">
          <div class="suite-CCPA-class-failed">
            <div class="main-panel-header rounded-window-top">
              <img src="failed.png"/>
              <span class="class-name">ccpa.testcases.HomepageTest</span>
            </div> <!-- main-panel-header rounded-window-top -->
            <div class="main-panel-content rounded-window-bottom">
              <div class="method">
                <div class="method-content">
                  <a name="CCPA_TC_1_Verify_CCPA_is_triggered_for_patient_domain">
                  </a> <!-- CCPA_TC_1_Verify_CCPA_is_triggered_for_patient_domain -->
                  <span class="method-name">CCPA_TC_1_Verify_CCPA_is_triggered_for_patient_domain</span>
                  <div class="stack-trace">org.openqa.selenium.NoSuchElementException: no such element: Unable to locate element: {&quot;method&quot;:&quot;xpath&quot;,&quot;selector&quot;:&quot;//div[@class=&apos;ot-sdk-container&apos;]&quot;}
  (Session info: chrome=94.0.4606.81)
For documentation on this error, please visit: https://www.seleniumhq.org/exceptions/no_such_element.html
Build info: version: &apos;3.141.59&apos;, revision: &apos;e82be7d358&apos;, time: &apos;2018-11-14T08:17:03&apos;
System info: host: &apos;TRANTOR-LP475&apos;, ip: &apos;192.168.1.5&apos;, os.name: &apos;Windows 10&apos;, os.arch: &apos;amd64&apos;, os.version: &apos;10.0&apos;, java.version: &apos;1.8.0_301&apos;
Driver info: org.openqa.selenium.chrome.ChromeDriver
Capabilities {acceptInsecureCerts: false, browserName: chrome, browserVersion: 94.0.4606.81, chrome: {chromedriverVersion: 94.0.4606.61 (418b78f5838ed..., userDataDir: C:\Users\BRINDE~1.SIN\AppDa...}, goog:chromeOptions: {debuggerAddress: localhost:55960}, javascriptEnabled: true, networkConnectionEnabled: false, pageLoadStrategy: normal, platform: WINDOWS, platformName: WINDOWS, proxy: Proxy(), setWindowRect: true, strictFileInteractability: false, timeouts: {implicit: 0, pageLoad: 300000, script: 30000}, unhandledPromptBehavior: dismiss and notify, webauthn:extension:credBlob: true, webauthn:extension:largeBlob: true, webauthn:virtualAuthenticators: true}
Session ID: f4e4d77dfa6f3fa6483962d2ef781d24
*** Element info: {Using=xpath, value=//div[@class=&apos;ot-sdk-container&apos;]}
	at org.openqa.selenium.remote.http.W3CHttpResponseCodec.createException(W3CHttpResponseCodec.java:187)
	at org.openqa.selenium.remote.http.W3CHttpResponseCodec.decode(W3CHttpResponseCodec.java:122)
	at org.openqa.selenium.remote.http.W3CHttpResponseCodec.decode(W3CHttpResponseCodec.java:49)
	at org.openqa.selenium.remote.HttpCommandExecutor.execute(HttpCommandExecutor.java:158)
	at org.openqa.selenium.remote.service.DriverCommandExecutor.execute(DriverCommandExecutor.java:83)
	at org.openqa.selenium.remote.RemoteWebDriver.execute(RemoteWebDriver.java:552)
	at org.openqa.selenium.remote.RemoteWebDriver.findElement(RemoteWebDriver.java:323)
	at org.openqa.selenium.remote.RemoteWebDriver.findElementByXPath(RemoteWebDriver.java:428)
	at org.openqa.selenium.By$ByXPath.findElement(By.java:353)
	at org.openqa.selenium.remote.RemoteWebDriver.findElement(RemoteWebDriver.java:315)
	at org.openqa.selenium.support.pagefactory.DefaultElementLocator.findElement(DefaultElementLocator.java:69)
	at org.openqa.selenium.support.pagefactory.internal.LocatingElementHandler.invoke(LocatingElementHandler.java:38)
	at com.sun.proxy.$Proxy10.isDisplayed(Unknown Source)
	at ccpa.pages.Homepage.cookiesContainer(Homepage.java:48)
	at ccpa.testcases.HomepageTest.CCPA_TC_1_Verify_CCPA_is_triggered_for_patient_domain(HomepageTest.java:50)
	at java.util.ArrayList.forEach(Unknown Source)
... Removed 31 stack frames
</div> <!-- stack-trace -->
                </div> <!-- method-content -->
              </div> <!-- method -->
              <div class="method">
                <div class="method-content">
                  <a name="CCPA_TC_3_UI_of_CCPA_pop_up_for_patient_domain">
                  </a> <!-- CCPA_TC_3_UI_of_CCPA_pop_up_for_patient_domain -->
                  <span class="method-name">CCPA_TC_3_UI_of_CCPA_pop_up_for_patient_domain</span>
                  <div class="stack-trace">org.openqa.selenium.NoSuchElementException: no such element: Unable to locate element: {&quot;method&quot;:&quot;xpath&quot;,&quot;selector&quot;:&quot;//*[@id=&apos;onetrust-policy-title&apos;]&quot;}
  (Session info: chrome=94.0.4606.81)
For documentation on this error, please visit: https://www.seleniumhq.org/exceptions/no_such_element.html
Build info: version: &apos;3.141.59&apos;, revision: &apos;e82be7d358&apos;, time: &apos;2018-11-14T08:17:03&apos;
System info: host: &apos;TRANTOR-LP475&apos;, ip: &apos;192.168.1.5&apos;, os.name: &apos;Windows 10&apos;, os.arch: &apos;amd64&apos;, os.version: &apos;10.0&apos;, java.version: &apos;1.8.0_301&apos;
Driver info: org.openqa.selenium.chrome.ChromeDriver
Capabilities {acceptInsecureCerts: false, browserName: chrome, browserVersion: 94.0.4606.81, chrome: {chromedriverVersion: 94.0.4606.61 (418b78f5838ed..., userDataDir: C:\Users\BRINDE~1.SIN\AppDa...}, goog:chromeOptions: {debuggerAddress: localhost:55960}, javascriptEnabled: true, networkConnectionEnabled: false, pageLoadStrategy: normal, platform: WINDOWS, platformName: WINDOWS, proxy: Proxy(), setWindowRect: true, strictFileInteractability: false, timeouts: {implicit: 0, pageLoad: 300000, script: 30000}, unhandledPromptBehavior: dismiss and notify, webauthn:extension:credBlob: true, webauthn:extension:largeBlob: true, webauthn:virtualAuthenticators: true}
Session ID: f4e4d77dfa6f3fa6483962d2ef781d24
*** Element info: {Using=xpath, value=//*[@id=&apos;onetrust-policy-title&apos;]}
	at org.openqa.selenium.remote.http.W3CHttpResponseCodec.createException(W3CHttpResponseCodec.java:187)
	at org.openqa.selenium.remote.http.W3CHttpResponseCodec.decode(W3CHttpResponseCodec.java:122)
	at org.openqa.selenium.remote.http.W3CHttpResponseCodec.decode(W3CHttpResponseCodec.java:49)
	at org.openqa.selenium.remote.HttpCommandExecutor.execute(HttpCommandExecutor.java:158)
	at org.openqa.selenium.remote.service.DriverCommandExecutor.execute(DriverCommandExecutor.java:83)
	at org.openqa.selenium.remote.RemoteWebDriver.execute(RemoteWebDriver.java:552)
	at org.openqa.selenium.remote.RemoteWebDriver.findElement(RemoteWebDriver.java:323)
	at org.openqa.selenium.remote.RemoteWebDriver.findElementByXPath(RemoteWebDriver.java:428)
	at org.openqa.selenium.By$ByXPath.findElement(By.java:353)
	at org.openqa.selenium.remote.RemoteWebDriver.findElement(RemoteWebDriver.java:315)
	at org.openqa.selenium.support.pagefactory.DefaultElementLocator.findElement(DefaultElementLocator.java:69)
	at org.openqa.selenium.support.pagefactory.internal.LocatingElementHandler.invoke(LocatingElementHandler.java:38)
	at com.sun.proxy.$Proxy10.isDisplayed(Unknown Source)
	at ccpa.pages.Homepage.uiCCPApopup(Homepage.java:54)
	at ccpa.testcases.HomepageTest.CCPA_TC_3_UI_of_CCPA_pop_up_for_patient_domain(HomepageTest.java:63)
	at java.util.ArrayList.forEach(Unknown Source)
... Removed 31 stack frames
</div> <!-- stack-trace -->
                </div> <!-- method-content -->
              </div> <!-- method -->
              <div class="method">
                <div class="method-content">
                  <a name="CCPA_TC_4_Verify_that_clicking_on_Accept_button_Cookie_should_saved_in_system">
                  </a> <!-- CCPA_TC_4_Verify_that_clicking_on_Accept_button_Cookie_should_saved_in_system -->
                  <span class="method-name">CCPA_TC_4_Verify_that_clicking_on_Accept_button_Cookie_should_saved_in_system</span>
                  <div class="stack-trace">org.openqa.selenium.NoSuchElementException: no such element: Unable to locate element: {&quot;method&quot;:&quot;xpath&quot;,&quot;selector&quot;:&quot;//*[@id=&apos;onetrust-accept-btn-handler&apos;]&quot;}
  (Session info: chrome=94.0.4606.81)
For documentation on this error, please visit: https://www.seleniumhq.org/exceptions/no_such_element.html
Build info: version: &apos;3.141.59&apos;, revision: &apos;e82be7d358&apos;, time: &apos;2018-11-14T08:17:03&apos;
System info: host: &apos;TRANTOR-LP475&apos;, ip: &apos;192.168.1.5&apos;, os.name: &apos;Windows 10&apos;, os.arch: &apos;amd64&apos;, os.version: &apos;10.0&apos;, java.version: &apos;1.8.0_301&apos;
Driver info: org.openqa.selenium.chrome.ChromeDriver
Capabilities {acceptInsecureCerts: false, browserName: chrome, browserVersion: 94.0.4606.81, chrome: {chromedriverVersion: 94.0.4606.61 (418b78f5838ed..., userDataDir: C:\Users\BRINDE~1.SIN\AppDa...}, goog:chromeOptions: {debuggerAddress: localhost:55960}, javascriptEnabled: true, networkConnectionEnabled: false, pageLoadStrategy: normal, platform: WINDOWS, platformName: WINDOWS, proxy: Proxy(), setWindowRect: true, strictFileInteractability: false, timeouts: {implicit: 0, pageLoad: 300000, script: 30000}, unhandledPromptBehavior: dismiss and notify, webauthn:extension:credBlob: true, webauthn:extension:largeBlob: true, webauthn:virtualAuthenticators: true}
Session ID: f4e4d77dfa6f3fa6483962d2ef781d24
*** Element info: {Using=xpath, value=//*[@id=&apos;onetrust-accept-btn-handler&apos;]}
	at org.openqa.selenium.remote.http.W3CHttpResponseCodec.createException(W3CHttpResponseCodec.java:187)
	at org.openqa.selenium.remote.http.W3CHttpResponseCodec.decode(W3CHttpResponseCodec.java:122)
	at org.openqa.selenium.remote.http.W3CHttpResponseCodec.decode(W3CHttpResponseCodec.java:49)
	at org.openqa.selenium.remote.HttpCommandExecutor.execute(HttpCommandExecutor.java:158)
	at org.openqa.selenium.remote.service.DriverCommandExecutor.execute(DriverCommandExecutor.java:83)
	at org.openqa.selenium.remote.RemoteWebDriver.execute(RemoteWebDriver.java:552)
	at org.openqa.selenium.remote.RemoteWebDriver.findElement(RemoteWebDriver.java:323)
	at org.openqa.selenium.remote.RemoteWebDriver.findElementByXPath(RemoteWebDriver.java:428)
	at org.openqa.selenium.By$ByXPath.findElement(By.java:353)
	at org.openqa.selenium.remote.RemoteWebDriver.findElement(RemoteWebDriver.java:315)
	at org.openqa.selenium.support.pagefactory.DefaultElementLocator.findElement(DefaultElementLocator.java:69)
	at org.openqa.selenium.support.pagefactory.internal.LocatingElementHandler.invoke(LocatingElementHandler.java:38)
	at com.sun.proxy.$Proxy10.click(Unknown Source)
	at ccpa.pages.Homepage.saveCookiesPopup(Homepage.java:63)
	at ccpa.testcases.HomepageTest.CCPA_TC_4_Verify_that_clicking_on_Accept_button_Cookie_should_saved_in_system(HomepageTest.java:69)
	at java.util.ArrayList.forEach(Unknown Source)
... Removed 31 stack frames
</div> <!-- stack-trace -->
                </div> <!-- method-content -->
              </div> <!-- method -->
            </div> <!-- main-panel-content rounded-window-bottom -->
          </div> <!-- suite-CCPA-class-failed -->
          <div class="suite-CCPA-class-passed">
            <div class="main-panel-header rounded-window-top">
              <img src="passed.png"/>
              <span class="class-name">ccpa.testcases.HomepageTest</span>
            </div> <!-- main-panel-header rounded-window-top -->
            <div class="main-panel-content rounded-window-bottom">
              <div class="method">
                <div class="method-content">
                  <a name="CCPA_TC_2_Verify_CCPA_is_triggered_for_HCPsite">
                  </a> <!-- CCPA_TC_2_Verify_CCPA_is_triggered_for_HCPsite -->
                  <span class="method-name">CCPA_TC_2_Verify_CCPA_is_triggered_for_HCPsite</span>
                </div> <!-- method-content -->
              </div> <!-- method -->
              <div class="method">
                <div class="method-content">
                  <a name="verifyLogo">
                  </a> <!-- verifyLogo -->
                  <span class="method-name">verifyLogo</span>
                </div> <!-- method-content -->
              </div> <!-- method -->
              <div class="method">
                <div class="method-content">
                  <a name="verifyTitle">
                  </a> <!-- verifyTitle -->
                  <span class="method-name">verifyTitle</span>
                </div> <!-- method-content -->
              </div> <!-- method -->
            </div> <!-- main-panel-content rounded-window-bottom -->
          </div> <!-- suite-CCPA-class-passed -->
        </div> <!-- panel CCPA -->
        <div panel-name="test-xml-CCPA" class="panel">
          <div class="main-panel-header rounded-window-top">
            <span class="header-content">D:\Eclipseworkspace\CCPA_project\TestNG.xml</span>
          </div> <!-- main-panel-header rounded-window-top -->
          <div class="main-panel-content rounded-window-bottom">
            <pre>
&lt;?xml version=&quot;1.0&quot; encoding=&quot;UTF-8&quot;?&gt;
&lt;!DOCTYPE suite SYSTEM &quot;https://testng.org/testng-1.0.dtd&quot;&gt;
&lt;suite guice-stage=&quot;DEVELOPMENT&quot; name=&quot;CCPA&quot;&gt;
  &lt;test thread-count=&quot;5&quot; name=&quot;Regression&quot;&gt;
    &lt;classes&gt;
      &lt;class name=&quot;ccpa.testcases.HomepageTest&quot;/&gt;
    &lt;/classes&gt;
  &lt;/test&gt; &lt;!-- Regression --&gt;
&lt;/suite&gt; &lt;!-- CCPA --&gt;
            </pre>
          </div> <!-- main-panel-content rounded-window-bottom -->
        </div> <!-- panel -->
        <div panel-name="testlist-CCPA" class="panel">
          <div class="main-panel-header rounded-window-top">
            <span class="header-content">Tests for CCPA</span>
          </div> <!-- main-panel-header rounded-window-top -->
          <div class="main-panel-content rounded-window-bottom">
            <ul>
              <li>
                <span class="test-name">Regression (1 class)</span>
              </li>
            </ul>
          </div> <!-- main-panel-content rounded-window-bottom -->
        </div> <!-- panel -->
        <div panel-name="group-CCPA" class="panel">
          <div class="main-panel-header rounded-window-top">
            <span class="header-content">Groups for CCPA</span>
          </div> <!-- main-panel-header rounded-window-top -->
          <div class="main-panel-content rounded-window-bottom">
          </div> <!-- main-panel-content rounded-window-bottom -->
        </div> <!-- panel -->
        <div panel-name="times-CCPA" class="panel">
          <div class="main-panel-header rounded-window-top">
            <span class="header-content">Times for CCPA</span>
          </div> <!-- main-panel-header rounded-window-top -->
          <div class="main-panel-content rounded-window-bottom">
            <div class="times-div">
              <script type="text/javascript">
suiteTableInitFunctions.push('tableData_CCPA');
function tableData_CCPA() {
var data = new google.visualization.DataTable();
data.addColumn('number', 'Number');
data.addColumn('string', 'Method');
data.addColumn('string', 'Class');
data.addColumn('number', 'Time (ms)');
data.addRows(6);
data.setCell(0, 0, 0)
data.setCell(0, 1, 'CCPA_TC_1_Verify_CCPA_is_triggered_for_patient_domain')
data.setCell(0, 2, 'ccpa.testcases.HomepageTest')
data.setCell(0, 3, 10109);
data.setCell(1, 0, 1)
data.setCell(1, 1, 'CCPA_TC_3_UI_of_CCPA_pop_up_for_patient_domain')
data.setCell(1, 2, 'ccpa.testcases.HomepageTest')
data.setCell(1, 3, 10038);
data.setCell(2, 0, 2)
data.setCell(2, 1, 'CCPA_TC_4_Verify_that_clicking_on_Accept_button_Cookie_should_saved_in_system')
data.setCell(2, 2, 'ccpa.testcases.HomepageTest')
data.setCell(2, 3, 10037);
data.setCell(3, 0, 3)
data.setCell(3, 1, 'CCPA_TC_2_Verify_CCPA_is_triggered_for_HCPsite')
data.setCell(3, 2, 'ccpa.testcases.HomepageTest')
data.setCell(3, 3, 149);
data.setCell(4, 0, 4)
data.setCell(4, 1, 'verifyLogo')
data.setCell(4, 2, 'ccpa.testcases.HomepageTest')
data.setCell(4, 3, 77);
data.setCell(5, 0, 5)
data.setCell(5, 1, 'verifyTitle')
data.setCell(5, 2, 'ccpa.testcases.HomepageTest')
data.setCell(5, 3, 9);
window.suiteTableData['CCPA']= { tableData: data, tableDiv: 'times-div-CCPA'}
return data;
}
              </script>
              <span class="suite-total-time">Total running time: 30 seconds</span>
              <div id="times-div-CCPA">
              </div> <!-- times-div-CCPA -->
            </div> <!-- times-div -->
          </div> <!-- main-panel-content rounded-window-bottom -->
        </div> <!-- panel -->
        <div panel-name="reporter-CCPA" class="panel">
          <div class="main-panel-header rounded-window-top">
            <span class="header-content">Reporter output for CCPA</span>
          </div> <!-- main-panel-header rounded-window-top -->
          <div class="main-panel-content rounded-window-bottom">
          </div> <!-- main-panel-content rounded-window-bottom -->
        </div> <!-- panel -->
        <div panel-name="ignored-methods-CCPA" class="panel">
          <div class="main-panel-header rounded-window-top">
            <span class="header-content">0 ignored methods</span>
          </div> <!-- main-panel-header rounded-window-top -->
          <div class="main-panel-content rounded-window-bottom">
          </div> <!-- main-panel-content rounded-window-bottom -->
        </div> <!-- panel -->
        <div panel-name="chronological-CCPA" class="panel">
          <div class="main-panel-header rounded-window-top">
            <span class="header-content">Methods in chronological order</span>
          </div> <!-- main-panel-header rounded-window-top -->
          <div class="main-panel-content rounded-window-bottom">
            <div class="chronological-class">
              <div class="chronological-class-name">ccpa.testcases.HomepageTest</div> <!-- chronological-class-name -->
              <div class="configuration-suite before">
                <span class="method-name">setUp</span>
                <span class="method-start">0 ms</span>
              </div> <!-- configuration-suite before -->
              <div class="test-method">
                <span class="method-name">verifyTitle</span>
                <span class="method-start">5292 ms</span>
              </div> <!-- test-method -->
              <div class="configuration-method after">
                <span class="method-name">teardown([TestResult name=verifyTitle status=SUCCESS method=HomepageTest.verifyTitle()[pri:1, instance:ccpa.t...)</span>
                <span class="method-start">5304 ms</span>
              </div> <!-- configuration-method after -->
              <div class="test-method">
                <span class="method-name">verifyLogo</span>
                <span class="method-start">5308 ms</span>
              </div> <!-- test-method -->
              <div class="configuration-method after">
                <span class="method-name">teardown([TestResult name=verifyLogo status=SUCCESS method=HomepageTest.verifyLogo()[pri:2, instance:ccpa.tes...)</span>
                <span class="method-start">5386 ms</span>
              </div> <!-- configuration-method after -->
              <div class="test-method">
                <img src="failed.png">
                </img>
                <span class="method-name">CCPA_TC_1_Verify_CCPA_is_triggered_for_patient_domain</span>
                <span class="method-start">5387 ms</span>
              </div> <!-- test-method -->
              <div class="configuration-method after">
                <span class="method-name">teardown([TestResult name=CCPA_TC_1_Verify_CCPA_is_triggered_for_patient_domain status=FAILURE method=Homepag...)</span>
                <span class="method-start">15499 ms</span>
              </div> <!-- configuration-method after -->
              <div class="test-method">
                <span class="method-name">CCPA_TC_2_Verify_CCPA_is_triggered_for_HCPsite</span>
                <span class="method-start">15819 ms</span>
              </div> <!-- test-method -->
              <div class="configuration-method after">
                <span class="method-name">teardown([TestResult name=CCPA_TC_2_Verify_CCPA_is_triggered_for_HCPsite status=SUCCESS method=HomepageTest.C...)</span>
                <span class="method-start">15968 ms</span>
              </div> <!-- configuration-method after -->
              <div class="test-method">
                <img src="failed.png">
                </img>
                <span class="method-name">CCPA_TC_3_UI_of_CCPA_pop_up_for_patient_domain</span>
                <span class="method-start">15969 ms</span>
              </div> <!-- test-method -->
              <div class="configuration-method after">
                <span class="method-name">teardown([TestResult name=CCPA_TC_3_UI_of_CCPA_pop_up_for_patient_domain status=FAILURE method=HomepageTest.C...)</span>
                <span class="method-start">26009 ms</span>
              </div> <!-- configuration-method after -->
              <div class="test-method">
                <img src="failed.png">
                </img>
                <span class="method-name">CCPA_TC_4_Verify_that_clicking_on_Accept_button_Cookie_should_saved_in_system</span>
                <span class="method-start">26388 ms</span>
              </div> <!-- test-method -->
              <div class="configuration-method after">
                <span class="method-name">teardown([TestResult name=CCPA_TC_4_Verify_that_clicking_on_Accept_button_Cookie_should_saved_in_system statu...)</span>
                <span class="method-start">36427 ms</span>
              </div> <!-- configuration-method after -->
              <div class="configuration-suite after">
                <span class="method-name">teardown</span>
                <span class="method-start">36852 ms</span>
              </div> <!-- configuration-suite after -->
          </div> <!-- main-panel-content rounded-window-bottom -->
        </div> <!-- panel -->
      </div> <!-- main-panel-root -->
    </div> <!-- wrapper -->
  </body>
<script type="text/javascript" src="testng-reports2.js"></script>
</html>
