<?xml version="1.0" encoding="UTF-8"?>
<!-- Generated by org.testng.reporters.JUnitReportReporter -->
<testsuite hostname="EC2AMAZ-6E9TAIA" failures="2" tests="89" name="ccpa.testcases.HomepageTestDP" time="1385.292" errors="0" timestamp="2021-11-15T16:58:55 UTC" skipped="0">
  <testcase classname="ccpa.testcases.HomepageTestDP" name="LaunchUrl" time="16.819"/>
  <system-out/>
  <testcase classname="ccpa.testcases.HomepageTestDP" name="LaunchUrl" time="14.823"/>
  <system-out/>
  <testcase classname="ccpa.testcases.HomepageTestDP" name="LaunchUrl" time="16.285"/>
  <system-out/>
  <testcase classname="ccpa.testcases.HomepageTestDP" name="LaunchUrl" time="14.882"/>
  <system-out/>
  <testcase classname="ccpa.testcases.HomepageTestDP" name="LaunchUrl" time="14.641"/>
  <system-out/>
  <testcase classname="ccpa.testcases.HomepageTestDP" name="LaunchUrl" time="15.789"/>
  <system-out/>
  <testcase classname="ccpa.testcases.HomepageTestDP" name="LaunchUrl" time="19.151"/>
  <system-out/>
  <testcase classname="ccpa.testcases.HomepageTestDP" name="LaunchUrl" time="16.724"/>
  <system-out/>
  <testcase classname="ccpa.testcases.HomepageTestDP" name="LaunchUrl" time="13.709"/>
  <system-out/>
  <testcase classname="ccpa.testcases.HomepageTestDP" name="LaunchUrl" time="16.409"/>
  <system-out/>
  <testcase classname="ccpa.testcases.HomepageTestDP" name="LaunchUrl" time="13.799"/>
  <system-out/>
  <testcase classname="ccpa.testcases.HomepageTestDP" name="LaunchUrl" time="14.663"/>
  <system-out/>
  <testcase classname="ccpa.testcases.HomepageTestDP" name="LaunchUrl" time="14.470"/>
  <system-out/>
  <testcase classname="ccpa.testcases.HomepageTestDP" name="LaunchUrl" time="14.369"/>
  <system-out/>
  <testcase classname="ccpa.testcases.HomepageTestDP" name="LaunchUrl" time="14.591"/>
  <system-out/>
  <testcase classname="ccpa.testcases.HomepageTestDP" name="LaunchUrl" time="14.379"/>
  <system-out/>
  <testcase classname="ccpa.testcases.HomepageTestDP" name="LaunchUrl" time="16.370"/>
  <system-out/>
  <testcase classname="ccpa.testcases.HomepageTestDP" name="LaunchUrl" time="15.564"/>
  <system-out/>
  <testcase classname="ccpa.testcases.HomepageTestDP" name="LaunchUrl" time="13.954"/>
  <system-out/>
  <testcase classname="ccpa.testcases.HomepageTestDP" name="LaunchUrl" time="15.561"/>
  <system-out/>
  <testcase classname="ccpa.testcases.HomepageTestDP" name="LaunchUrl" time="15.969"/>
  <system-out/>
  <testcase classname="ccpa.testcases.HomepageTestDP" name="LaunchUrl" time="15.940"/>
  <system-out/>
  <testcase classname="ccpa.testcases.HomepageTestDP" name="LaunchUrl" time="13.968"/>
  <system-out/>
  <testcase classname="ccpa.testcases.HomepageTestDP" name="LaunchUrl" time="13.875"/>
  <system-out/>
  <testcase classname="ccpa.testcases.HomepageTestDP" name="LaunchUrl" time="16.756"/>
  <system-out/>
  <testcase classname="ccpa.testcases.HomepageTestDP" name="LaunchUrl" time="13.837"/>
  <system-out/>
  <testcase classname="ccpa.testcases.HomepageTestDP" name="LaunchUrl" time="13.801"/>
  <system-out/>
  <testcase classname="ccpa.testcases.HomepageTestDP" name="LaunchUrl" time="16.403"/>
  <system-out/>
  <testcase classname="ccpa.testcases.HomepageTestDP" name="LaunchUrl" time="15.363"/>
  <system-out/>
  <testcase classname="ccpa.testcases.HomepageTestDP" name="LaunchUrl" time="14.640"/>
  <system-out/>
  <testcase classname="ccpa.testcases.HomepageTestDP" name="LaunchUrl" time="16.224"/>
  <system-out/>
  <testcase classname="ccpa.testcases.HomepageTestDP" name="LaunchUrl" time="15.071"/>
  <system-out/>
  <testcase classname="ccpa.testcases.HomepageTestDP" name="LaunchUrl" time="19.221"/>
  <system-out/>
  <testcase classname="ccpa.testcases.HomepageTestDP" name="LaunchUrl" time="14.709"/>
  <system-out/>
  <testcase classname="ccpa.testcases.HomepageTestDP" name="LaunchUrl" time="13.514"/>
  <system-out/>
  <testcase classname="ccpa.testcases.HomepageTestDP" name="LaunchUrl" time="13.992"/>
  <system-out/>
  <testcase classname="ccpa.testcases.HomepageTestDP" name="LaunchUrl" time="17.491"/>
  <system-out/>
  <testcase classname="ccpa.testcases.HomepageTestDP" name="LaunchUrl" time="15.459"/>
  <system-out/>
  <testcase classname="ccpa.testcases.HomepageTestDP" name="LaunchUrl" time="18.687"/>
  <system-out/>
  <testcase classname="ccpa.testcases.HomepageTestDP" name="LaunchUrl" time="15.880"/>
  <system-out/>
  <testcase classname="ccpa.testcases.HomepageTestDP" name="LaunchUrl" time="15.959"/>
  <system-out/>
  <testcase classname="ccpa.testcases.HomepageTestDP" name="LaunchUrl" time="16.708"/>
  <system-out/>
  <testcase classname="ccpa.testcases.HomepageTestDP" name="LaunchUrl" time="15.373"/>
  <system-out/>
  <testcase classname="ccpa.testcases.HomepageTestDP" name="LaunchUrl" time="15.428"/>
  <system-out/>
  <testcase classname="ccpa.testcases.HomepageTestDP" name="LaunchUrl" time="13.889"/>
  <system-out/>
  <testcase classname="ccpa.testcases.HomepageTestDP" name="LaunchUrl" time="13.437"/>
  <system-out/>
  <testcase classname="ccpa.testcases.HomepageTestDP" name="LaunchUrl" time="15.201"/>
  <system-out/>
  <testcase classname="ccpa.testcases.HomepageTestDP" name="LaunchUrl" time="16.969"/>
  <system-out/>
  <testcase classname="ccpa.testcases.HomepageTestDP" name="LaunchUrl" time="17.176"/>
  <system-out/>
  <testcase classname="ccpa.testcases.HomepageTestDP" name="LaunchUrl" time="19.409"/>
  <system-out/>
  <testcase classname="ccpa.testcases.HomepageTestDP" name="LaunchUrl" time="16.290"/>
  <system-out/>
  <testcase classname="ccpa.testcases.HomepageTestDP" name="LaunchUrl" time="22.351"/>
  <system-out/>
  <testcase classname="ccpa.testcases.HomepageTestDP" name="LaunchUrl" time="16.148"/>
  <system-out/>
  <testcase classname="ccpa.testcases.HomepageTestDP" name="LaunchUrl" time="14.635"/>
  <system-out/>
  <testcase classname="ccpa.testcases.HomepageTestDP" name="LaunchUrl" time="17.625"/>
  <system-out/>
  <testcase classname="ccpa.testcases.HomepageTestDP" name="LaunchUrl" time="13.777"/>
  <system-out/>
  <testcase classname="ccpa.testcases.HomepageTestDP" name="LaunchUrl" time="19.104"/>
  <system-out/>
  <testcase classname="ccpa.testcases.HomepageTestDP" name="LaunchUrl" time="15.759"/>
  <system-out/>
  <testcase classname="ccpa.testcases.HomepageTestDP" name="LaunchUrl" time="22.415"/>
  <system-out/>
  <testcase classname="ccpa.testcases.HomepageTestDP" name="LaunchUrl" time="12.191">
    <failure message="expected [true] but found [false]" type="java.lang.AssertionError">
      <![CDATA[java.lang.AssertionError: expected [true] but found [false]
at org.testng.Assert.fail(Assert.java:99)
at org.testng.Assert.failNotEquals(Assert.java:1037)
at org.testng.Assert.assertEqualsImpl(Assert.java:140)
at org.testng.Assert.assertEquals(Assert.java:122)
at org.testng.Assert.assertEquals(Assert.java:819)
at org.testng.Assert.assertEquals(Assert.java:829)
at ccpa.testcases.HomepageTestDP.LaunchUrl(HomepageTestDP.java:140)
at jdk.internal.reflect.GeneratedMethodAccessor2.invoke(Unknown Source)
at java.base/jdk.internal.reflect.DelegatingMethodAccessorImpl.invoke(DelegatingMethodAccessorImpl.java:43)
at java.base/java.lang.reflect.Method.invoke(Method.java:568)
at org.testng.internal.MethodInvocationHelper.invokeMethod(MethodInvocationHelper.java:133)
at org.testng.internal.TestInvoker.invokeMethod(TestInvoker.java:598)
at org.testng.internal.TestInvoker.invokeTestMethod(TestInvoker.java:173)
at org.testng.internal.MethodRunner.runInSequence(MethodRunner.java:46)
at org.testng.internal.TestInvoker$MethodInvocationAgent.invoke(TestInvoker.java:824)
at org.testng.internal.TestInvoker.invokeTestMethods(TestInvoker.java:146)
at org.testng.internal.TestMethodWorker.invokeTestMethods(TestMethodWorker.java:146)
at org.testng.internal.TestMethodWorker.run(TestMethodWorker.java:128)
at java.base/java.util.ArrayList.forEach(ArrayList.java:1511)
at org.testng.TestRunner.privateRun(TestRunner.java:794)
at org.testng.TestRunner.run(TestRunner.java:596)
at org.testng.SuiteRunner.runTest(SuiteRunner.java:377)
at org.testng.SuiteRunner.runSequentially(SuiteRunner.java:371)
at org.testng.SuiteRunner.privateRun(SuiteRunner.java:332)
at org.testng.SuiteRunner.run(SuiteRunner.java:276)
at org.testng.SuiteRunnerWorker.runSuite(SuiteRunnerWorker.java:53)
at org.testng.SuiteRunnerWorker.run(SuiteRunnerWorker.java:96)
at org.testng.TestNG.runSuitesSequentially(TestNG.java:1212)
at org.testng.TestNG.runSuitesLocally(TestNG.java:1134)
at org.testng.TestNG.runSuites(TestNG.java:1063)
at org.testng.TestNG.run(TestNG.java:1031)
at org.testng.remote.AbstractRemoteTestNG.run(AbstractRemoteTestNG.java:115)
at org.testng.remote.RemoteTestNG.initAndRun(RemoteTestNG.java:251)
at org.testng.remote.RemoteTestNG.main(RemoteTestNG.java:77)
]]>
    </failure>
  </testcase> <!-- LaunchUrl -->
  <system-out/>
  <testcase classname="ccpa.testcases.HomepageTestDP" name="LaunchUrl" time="15.025"/>
  <system-out/>
  <testcase classname="ccpa.testcases.HomepageTestDP" name="LaunchUrl" time="15.435"/>
  <system-out/>
  <testcase classname="ccpa.testcases.HomepageTestDP" name="LaunchUrl" time="13.898"/>
  <system-out/>
  <testcase classname="ccpa.testcases.HomepageTestDP" name="LaunchUrl" time="15.139"/>
  <system-out/>
  <testcase classname="ccpa.testcases.HomepageTestDP" name="LaunchUrl" time="13.976"/>
  <system-out/>
  <testcase classname="ccpa.testcases.HomepageTestDP" name="LaunchUrl" time="14.429"/>
  <system-out/>
  <testcase classname="ccpa.testcases.HomepageTestDP" name="LaunchUrl" time="14.495"/>
  <system-out/>
  <testcase classname="ccpa.testcases.HomepageTestDP" name="LaunchUrl" time="13.310"/>
  <system-out/>
  <testcase classname="ccpa.testcases.HomepageTestDP" name="LaunchUrl" time="15.979"/>
  <system-out/>
  <testcase classname="ccpa.testcases.HomepageTestDP" name="LaunchUrl" time="13.872"/>
  <system-out/>
  <testcase classname="ccpa.testcases.HomepageTestDP" name="LaunchUrl" time="13.752"/>
  <system-out/>
  <testcase classname="ccpa.testcases.HomepageTestDP" name="LaunchUrl" time="13.680"/>
  <system-out/>
  <testcase classname="ccpa.testcases.HomepageTestDP" name="LaunchUrl" time="15.318"/>
  <system-out/>
  <testcase classname="ccpa.testcases.HomepageTestDP" name="LaunchUrl" time="13.858"/>
  <system-out/>
  <testcase classname="ccpa.testcases.HomepageTestDP" name="LaunchUrl" time="13.923"/>
  <system-out/>
  <testcase classname="ccpa.testcases.HomepageTestDP" name="LaunchUrl" time="16.444"/>
  <system-out/>
  <testcase classname="ccpa.testcases.HomepageTestDP" name="LaunchUrl" time="15.803"/>
  <system-out/>
  <testcase classname="ccpa.testcases.HomepageTestDP" name="LaunchUrl" time="15.710"/>
  <system-out/>
  <testcase classname="ccpa.testcases.HomepageTestDP" name="LaunchUrl" time="15.842"/>
  <system-out/>
  <testcase classname="ccpa.testcases.HomepageTestDP" name="LaunchUrl" time="15.528"/>
  <system-out/>
  <testcase classname="ccpa.testcases.HomepageTestDP" name="LaunchUrl" time="15.733"/>
  <system-out/>
  <testcase classname="ccpa.testcases.HomepageTestDP" name="LaunchUrl" time="17.878"/>
  <system-out/>
  <testcase classname="ccpa.testcases.HomepageTestDP" name="LaunchUrl" time="20.891"/>
  <system-out/>
  <testcase classname="ccpa.testcases.HomepageTestDP" name="LaunchUrl" time="14.270"/>
  <system-out/>
  <testcase classname="ccpa.testcases.HomepageTestDP" name="LaunchUrl" time="16.090"/>
  <system-out/>
  <testcase classname="ccpa.testcases.HomepageTestDP" name="LaunchUrl" time="15.728"/>
  <system-out/>
  <testcase classname="ccpa.testcases.HomepageTestDP" name="LaunchUrl" time="16.174"/>
  <system-out/>
  <testcase classname="ccpa.testcases.HomepageTestDP" name="LaunchUrl" time="15.205"/>
  <system-out/>
  <testcase classname="ccpa.testcases.HomepageTestDP" name="LaunchUrl" time="10.311">
    <failure message="expected [true] but found [false]" type="java.lang.AssertionError">
      <![CDATA[java.lang.AssertionError: expected [true] but found [false]
at org.testng.Assert.fail(Assert.java:99)
at org.testng.Assert.failNotEquals(Assert.java:1037)
at org.testng.Assert.assertEqualsImpl(Assert.java:140)
at org.testng.Assert.assertEquals(Assert.java:122)
at org.testng.Assert.assertEquals(Assert.java:819)
at org.testng.Assert.assertEquals(Assert.java:829)
at ccpa.testcases.HomepageTestDP.LaunchUrl(HomepageTestDP.java:140)
at jdk.internal.reflect.GeneratedMethodAccessor2.invoke(Unknown Source)
at java.base/jdk.internal.reflect.DelegatingMethodAccessorImpl.invoke(DelegatingMethodAccessorImpl.java:43)
at java.base/java.lang.reflect.Method.invoke(Method.java:568)
at org.testng.internal.MethodInvocationHelper.invokeMethod(MethodInvocationHelper.java:133)
at org.testng.internal.TestInvoker.invokeMethod(TestInvoker.java:598)
at org.testng.internal.TestInvoker.invokeTestMethod(TestInvoker.java:173)
at org.testng.internal.MethodRunner.runInSequence(MethodRunner.java:46)
at org.testng.internal.TestInvoker$MethodInvocationAgent.invoke(TestInvoker.java:824)
at org.testng.internal.TestInvoker.invokeTestMethods(TestInvoker.java:146)
at org.testng.internal.TestMethodWorker.invokeTestMethods(TestMethodWorker.java:146)
at org.testng.internal.TestMethodWorker.run(TestMethodWorker.java:128)
at java.base/java.util.ArrayList.forEach(ArrayList.java:1511)
at org.testng.TestRunner.privateRun(TestRunner.java:794)
at org.testng.TestRunner.run(TestRunner.java:596)
at org.testng.SuiteRunner.runTest(SuiteRunner.java:377)
at org.testng.SuiteRunner.runSequentially(SuiteRunner.java:371)
at org.testng.SuiteRunner.privateRun(SuiteRunner.java:332)
at org.testng.SuiteRunner.run(SuiteRunner.java:276)
at org.testng.SuiteRunnerWorker.runSuite(SuiteRunnerWorker.java:53)
at org.testng.SuiteRunnerWorker.run(SuiteRunnerWorker.java:96)
at org.testng.TestNG.runSuitesSequentially(TestNG.java:1212)
at org.testng.TestNG.runSuitesLocally(TestNG.java:1134)
at org.testng.TestNG.runSuites(TestNG.java:1063)
at org.testng.TestNG.run(TestNG.java:1031)
at org.testng.remote.AbstractRemoteTestNG.run(AbstractRemoteTestNG.java:115)
at org.testng.remote.RemoteTestNG.initAndRun(RemoteTestNG.java:251)
at org.testng.remote.RemoteTestNG.main(RemoteTestNG.java:77)
]]>
    </failure>
  </testcase> <!-- LaunchUrl -->
  <system-out/>
</testsuite> <!-- ccpa.testcases.HomepageTestDP -->
